<?xml version="1.0" encoding="UTF-8"?>
<!-- Generated by org.testng.reporters.JUnitXMLReporter -->
<testsuite hostname="DESKTOP-9V6HBI9" ignored="2" name="Default test(failed)" tests="1" failures="1" timestamp="2020-12-09T00:58:33 IST" time="0.201" errors="0">
  <testcase name="TC6" time="0.025" classname="POM_DDF_TestNG_BaseClass_Utility.ExecuteonlyFailTC2">
    <failure type="java.lang.AssertionError" message="null">
      <![CDATA[java.lang.AssertionError: null
at POM_DDF_TestNG_BaseClass_Utility.ExecuteonlyFailTC2.TC6(ExecuteonlyFailTC2.java:22)
at java.util.ArrayList.forEach(Unknown Source)
... Removed 29 stack frames]]>
    </failure>
  </testcase> <!-- TC6 -->
  <testcase name="TC3" time="0.0" classname="POM_DDF_TestNG_BaseClass_Utility.ExecuteonlyFailTC2">
    <ignored/>
  </testcase> <!-- TC3 -->
  <testcase name="TC5" time="0.0" classname="POM_DDF_TestNG_BaseClass_Utility.ExecuteonlyFailTC2">
    <ignored/>
  </testcase> <!-- TC5 -->
</testsuite> <!-- Default test(failed) -->
