<?xml version="1.0" encoding="UTF-8"?>
<!-- Generated by org.testng.reporters.JUnitXMLReporter -->
<testsuite hostname="DESKTOP-9V6HBI9" ignored="0" name="Default test" tests="3" failures="0" timestamp="2020-12-09T01:18:00 IST" time="0.083" errors="0">
  <testcase name="TC1" time="0.013" classname="POM_DDF_TestNG_BaseClass_Utility.ExecuteonlyFailTC3"/>
  <testcase name="TC2" time="0.002" classname="POM_DDF_TestNG_BaseClass_Utility.ExecuteonlyFailTC3"/>
  <testcase name="TC3" time="0.002" classname="POM_DDF_TestNG_BaseClass_Utility.ExecuteonlyFailTC3"/>
</testsuite> <!-- Default test -->
