<?xml version="1.0" encoding="UTF-8"?>
<!-- Generated by org.testng.reporters.JUnitXMLReporter -->
<testsuite hostname="DESKTOP-9V6HBI9" ignored="1" name="Test" tests="2" failures="0" timestamp="2020-12-09T01:23:14 IST" time="0.076" errors="0">
  <testcase name="TC1" time="0.014" classname="POM_DDF_TestNG_BaseClass_Utility.ExecuteonlyFailTC3"/>
  <testcase name="TC2" time="0.002" classname="POM_DDF_TestNG_BaseClass_Utility.ExecuteonlyFailTC3"/>
  <testcase name="TC3" time="0.0" classname="POM_DDF_TestNG_BaseClass_Utility.ExecuteonlyFailTC3">
    <ignored/>
  </testcase> <!-- TC3 -->
</testsuite> <!-- Test -->
