<?xml version="1.0" encoding="UTF-8"?>
<testng-results skipped="0" failed="0" ignored="1" total="3" passed="2">
  <reporter-output>
    <line>
      <![CDATA[Running TC1]]>
    </line>
    <line>
      <![CDATA[Running TC2]]>
    </line>
  </reporter-output>
  <suite name="Suite" duration-ms="76" started-at="2020-12-09T01:23:14 IST" finished-at="2020-12-09T01:23:14 IST">
    <groups>
    </groups>
    <test name="Test" duration-ms="76" started-at="2020-12-09T01:23:14 IST" finished-at="2020-12-09T01:23:14 IST">
      <class name="POM_DDF_TestNG_BaseClass_Utility.ExecuteonlyFailTC3">
        <test-method status="PASS" signature="TC1()[pri:0, instance:POM_DDF_TestNG_BaseClass_Utility.ExecuteonlyFailTC3@3d99d22e]" name="TC1" duration-ms="14" started-at="2020-12-09T01:23:14 IST" finished-at="2020-12-09T01:23:14 IST">
          <reporter-output>
            <line>
              <![CDATA[Running TC1]]>
            </line>
          </reporter-output>
        </test-method> <!-- TC1 -->
        <test-method status="PASS" signature="TC2()[pri:0, instance:POM_DDF_TestNG_BaseClass_Utility.ExecuteonlyFailTC3@3d99d22e]" name="TC2" duration-ms="2" started-at="2020-12-09T01:23:14 IST" finished-at="2020-12-09T01:23:14 IST">
          <reporter-output>
            <line>
              <![CDATA[Running TC2]]>
            </line>
          </reporter-output>
        </test-method> <!-- TC2 -->
      </class> <!-- POM_DDF_TestNG_BaseClass_Utility.ExecuteonlyFailTC3 -->
    </test> <!-- Test -->
  </suite> <!-- Suite -->
</testng-results>
